#
# A fatal error has been detected by the Java Runtime Environment:
#
#  EXCEPTION_ACCESS_VIOLATION (0xc0000005) at pc=0x00007ffaf0f7c839, pid=11928, tid=11668
#
# JRE version: OpenJDK Runtime Environment Zulu17.42+19-CA (17.0.7+7) (build 17.0.7+7-LTS)
# Java VM: OpenJDK 64-Bit Server VM Zulu17.42+19-CA (17.0.7+7-LTS, mixed mode, sharing, tiered, compressed oops, compressed class ptrs, g1 gc, windows-amd64)
# Problematic frame:
# V  [jvm.dll+0x30c839]
#
# No core dump will be written. Minidumps are not enabled by default on client versions of Windows
#
# If you would like to submit a bug report, please visit:
#   http://www.azul.com/support/
#

---------------  S U M M A R Y ------------

Command Line: -ea -Didea.test.cyclic.buffer.size=1048576 -javaagent:C:\Program Files\JetBrains\IntelliJ IDEA 2023.1\lib\idea_rt.jar=54262:C:\Program Files\JetBrains\IntelliJ IDEA 2023.1\bin -Dfile.encoding=UTF-8 com.intellij.rt.junit.JUnitStarter -ideVersion5 -junit5 com.example.todoapp.TodoControllerTest,delYnTodo

Host: Intel(R) Core(TM) i7-8700 CPU @ 3.20GHz, 12 cores, 15G,  Windows 10 , 64 bit Build 19041 (10.0.19041.2913)
Time: Wed Jun 14 16:33:45 2023  Windows 10 , 64 bit Build 19041 (10.0.19041.2913) elapsed time: 1.214668 seconds (0d 0h 0m 1s)

---------------  T H R E A D  ---------------

Current thread (0x00000266cf8a3a30):  GCTaskThread "GC Thread#5" [stack: 0x000000fc7d400000,0x000000fc7d500000] [id=11668]

Stack: [0x000000fc7d400000,0x000000fc7d500000],  sp=0x000000fc7d4ff7c0,  free space=1021k
Native frames: (J=compiled Java code, j=interpreted, Vv=VM code, C=native code)
V  [jvm.dll+0x30c839]
V  [jvm.dll+0x30962e]
V  [jvm.dll+0x31c20f]
V  [jvm.dll+0x1f6784]
V  [jvm.dll+0x3095ab]
V  [jvm.dll+0x1f9048]
V  [jvm.dll+0x31d180]
V  [jvm.dll+0x31cfc5]
V  [jvm.dll+0x2e41f4]
V  [jvm.dll+0x2e5c4b]
V  [jvm.dll+0x86707b]
V  [jvm.dll+0x8670c6]
V  [jvm.dll+0x7ea73a]
V  [jvm.dll+0x67b5c5]
C  [ucrtbase.dll+0x21bb2]
C  [KERNEL32.DLL+0x17614]
C  [ntdll.dll+0x526a1]


siginfo: EXCEPTION_ACCESS_VIOLATION (0xc0000005), reading address 0x0000000000000200


Register to memory mapping:

RIP=0x00007ffaf0f7c839 jvm.dll
RAX=0x0 is NULL
RBX=0x000000070dccd535 is pointing into object: java.lang.reflect.Method 
{0x000000070dccd4e8} - klass: 'java/lang/reflect/Method'
 - ---- fields (total size 11 words):
 - 'override' 'Z' @12  false
 - volatile 'accessCheckCache' 'Ljava/lang/Object;' @16  NULL (0)
 - private volatile transient 'hasRealParameterData' 'Z' @13  false
 - private volatile transient 'parameters' '[Ljava/lang/reflect/Parameter;' @20  NULL (0)
 - private volatile transient 'declaredAnnotations' 'Ljava/util/Map;' @24  a 'java/util/LinkedHashMap'{0x000000070dccd540} (e1b99aa8)
 - private 'slot' 'I' @28  0
 - private synchronized 'modifiers' 'I' @32  1025 (401)
 - private synchronized 'clazz' 'Ljava/lang/Class;' @36  a 'java/lang/Class'{0x000000070dcccb48} = 'org/springframework/context/annotation/Scope' (e1b99969)
 - private 'name' 'Ljava/lang/String;' @40  "value"{0x0000000701576210} (e02aec42)
 - private 'returnType' 'Ljava/lang/Class;' @44  a 'java/lang/Class'{0x0000000701588bd0} = 'java/lang/String' (e02b117a)
 - private 'parameterTypes' '[Ljava/lang/Class;' @48  a 'java/lang/Class'[0] {0x000000070dccd740} (e1b99ae8)
 - private 'exceptionTypes' '[Ljava/lang/Class;' @52  a 'java/lang/Class'[0] {0x0000000701582050} (e02b040a)
 - private transient 'signature' 'Ljava/lang/String;' @56  NULL (0)
 - private transient 'genericInfo' 'Lsun/reflect/generics/repository/MethodRepository;' @60  NULL (0)
 - private 'annotations' '[B' @64  [B{0x000000070dccd750} (e1b99aea)
 - private 'parameterAnnotations' '[B' @68  NULL (0)
 - private 'annotationDefault' '[B' @72  [B{0x000000070dccd770} (e1b99aee)
 - private volatile 'methodAccessor' 'Ljdk/internal/reflect/MethodAccessor;' @76  
[error occurred during error reporting (printing register info), id 0xc0000005, EXCEPTION_ACCESS_VIOLATION (0xc0000005) at pc=0x00007ffaf100680e]

Registers:
RAX=0x0000000000000000, RBX=0x000000070dccd535, RCX=0x0000000000000015, RDX=0x0000000000000000
RSP=0x000000fc7d4ff7c0, RBP=0x00000000000012d2, RSI=0x000000070dccd534, RDI=0x00000266d086c550
R8 =0x000000070dccd770, R9 =0x000000070dccd770, R10=0x0000000000000200, R11=0x0000000000000001
R12=0x00000266caa6eff8, R13=0x00000000000003d8, R14=0x0000000000000040, R15=0x0000000000000000
RIP=0x00007ffaf0f7c839, EFLAGS=0x0000000000010246

Top of Stack: (sp=0x000000fc7d4ff7c0)
0x000000fc7d4ff7c0:   0000000000000000 0000000800000001
0x000000fc7d4ff7d0:   0000000000000008 0000000000000001
0x000000fc7d4ff7e0:   00000266cfdb4bc0 00000266cfdb4ce8
0x000000fc7d4ff7f0:   00000266d0094868 00000266d0094840
0x000000fc7d4ff800:   0000000000000020 00007ffaf0f7962e
0x000000fc7d4ff810:   0000000000000002 00000266d086c550
0x000000fc7d4ff820:   00000266cfdb4ce8 00000000000003d8
0x000000fc7d4ff830:   0000000000b84867 00000000e5086611
0x000000fc7d4ff840:   00000266d0094840 0000000000000020
0x000000fc7d4ff850:   00000266cfdb4ce8 00007ffaf0f8c20f
0x000000fc7d4ff860:   0000000000000000 00007ffaf1450001
0x000000fc7d4ff870:   0000000000000008 0000000000000001
0x000000fc7d4ff880:   00000266d0094868 00007ffaf0e66784
0x000000fc7d4ff890:   0000000000000005 00000266cfdb4d48
0x000000fc7d4ff8a0:   00000266d0094060 00000266cfdb4ce8
0x000000fc7d4ff8b0:   000000fc7c0fe920 00007ffaf0f795ab 

Instructions: (pc=0x00007ffaf0f7c839)
0x00007ffaf0f7c739:   ff 48 8d 53 fe 48 8b cf e8 6a f4 ff ff e9 35 fd
0x00007ffaf0f7c749:   ff ff 0f 1f 44 00 00 48 8b 77 10 8b ae 80 00 00
0x00007ffaf0f7c759:   00 8b cd 8b 86 00 01 00 00 2b c8 81 e1 ff ff 01
0x00007ffaf0f7c769:   00 41 3b ce 0f 86 e9 02 00 00 ff cd 81 e5 ff ff
0x00007ffaf0f7c779:   01 00 89 ae 80 00 00 00 e8 aa 11 36 00 90 8b d5
0x00007ffaf0f7c789:   8b 86 00 01 00 00 8b cd 48 8b 9e 80 01 00 00 2b
0x00007ffaf0f7c799:   c8 81 e1 ff ff 01 00 81 f9 ff ff 01 00 48 8b 1c
0x00007ffaf0f7c7a9:   eb 41 0f 44 cf 85 c9 75 3d 90 89 6c 24 50 48 8b
0x00007ffaf0f7c7b9:   86 00 01 00 00 48 8b c8 48 c1 e9 20 ff c1 89 4c
0x00007ffaf0f7c7c9:   24 54 3b e8 0f 85 77 02 00 00 48 c1 e1 20 48 0b
0x00007ffaf0f7c7d9:   ca f0 48 0f b1 8e 00 01 00 00 0f 85 61 02 00 00
0x00007ffaf0f7c7e9:   8b 86 00 01 00 00 f6 c3 01 0f 84 2f 01 00 00 8b
0x00007ffaf0f7c7f9:   0d ea ea 80 00 48 8d 73 ff 48 8b 47 08 44 8b 16
0x00007ffaf0f7c809:   49 d3 e2 4c 03 15 cd ea 80 00 8b 88 90 05 00 00
0x00007ffaf0f7c819:   49 8b d2 48 8b 80 80 05 00 00 48 d3 ea 0f b7 14
0x00007ffaf0f7c829:   50 0f b7 c2 66 c1 e8 08 84 c0 0f 88 17 ff ff ff
0x00007ffaf0f7c839:   4d 8b 02 41 0f b6 c0 24 03 3c 03 75 1e 44 38 3d
0x00007ffaf0f7c849:   bb b5 87 00 74 0f 41 0f b6 c0 24 07 3c 05 75 05
0x00007ffaf0f7c859:   4d 8b c7 eb 17 49 83 e0 fc eb 11 4d 8b c8 48 8b
0x00007ffaf0f7c869:   cf 4d 8b c2 e8 2e ef ff ff 4c 8b c0 8b 0d 6d ea
0x00007ffaf0f7c879:   80 00 49 8b d0 48 2b 15 5b ea 80 00 48 d3 ea 89
0x00007ffaf0f7c889:   16 49 8b d0 8b 0d 2d be 87 00 48 33 d6 48 d3 ea
0x00007ffaf0f7c899:   48 85 d2 0f 84 ae fe ff ff 48 8b 47 08 48 8b d6
0x00007ffaf0f7c8a9:   8b 88 c0 01 00 00 48 8b 80 b0 01 00 00 48 d3 ea
0x00007ffaf0f7c8b9:   48 8b 0c d0 8b 81 94 00 00 00 d1 e8 a8 01 0f 85
0x00007ffaf0f7c8c9:   83 fe ff ff 48 8b 47 08 8b 88 90 05 00 00 48 8b
0x00007ffaf0f7c8d9:   80 80 05 00 00 49 d3 e8 46 38 3c 40 0f 84 65 fe
0x00007ffaf0f7c8e9:   ff ff 48 8b 47 60 48 c1 ee 09 48 8b 58 40 48 8b
0x00007ffaf0f7c8f9:   48 38 48 03 de 48 2b d9 48 39 9f b0 01 00 00 0f
0x00007ffaf0f7c909:   84 42 fe ff ff 48 8d 14 0b 48 8d 4f 18 e8 a5 40
0x00007ffaf0f7c919:   00 00 48 89 9f b0 01 00 00 e9 29 fe ff ff f6 c3
0x00007ffaf0f7c929:   03 0f 85 09 01 00 00 48 8b 47 08 4c 8b 13 49 8b 


Stack slot to memory mapping:
stack at sp + 0 slots: 0x0 is NULL
stack at sp + 1 slots: 0x0000000800000001 is pointing into metadata
stack at sp + 2 slots: 0x0000000000000008 is an unknown value
stack at sp + 3 slots: 0x0000000000000001 is an unknown value
stack at sp + 4 slots: 0x00000266cfdb4bc0 points into unknown readable memory: 0x00007ffaf15d0be0 | e0 0b 5d f1 fa 7f 00 00
stack at sp + 5 slots: 0x00000266cfdb4ce8 points into unknown readable memory: 0x00007ffaf15d0b30 | 30 0b 5d f1 fa 7f 00 00
stack at sp + 6 slots: 0x00000266d0094868 points into unknown readable memory: 0x000000070dccc9b8 | b8 c9 cc 0d 07 00 00 00
stack at sp + 7 slots: 0x00000266d0094840 points into unknown readable memory: 0x000000070dccc818 | 18 c8 cc 0d 07 00 00 00


---------------  P R O C E S S  ---------------

Threads class SMR info:
_java_thread_list=0x00000266cfc7e420, length=15, elements={
0x00000266a7498cd0, 0x00000266ca96ca70, 0x00000266ca96d8f0, 0x00000266caa15620,
0x00000266caa18200, 0x00000266caa1ece0, 0x00000266caa1f6a0, 0x00000266caa22ff0,
0x00000266caa2f7f0, 0x00000266caa34230, 0x00000266ca953270, 0x00000266cac54c90,
0x00000266cac55580, 0x00000266cad090c0, 0x00000266cf488f10
}

Java Threads: ( => current thread )
  0x00000266a7498cd0 JavaThread "main" [_thread_blocked, id=12224, stack(0x000000fc7ba00000,0x000000fc7bb00000)]
  0x00000266ca96ca70 JavaThread "Reference Handler" daemon [_thread_blocked, id=10528, stack(0x000000fc7c100000,0x000000fc7c200000)]
  0x00000266ca96d8f0 JavaThread "Finalizer" daemon [_thread_blocked, id=9624, stack(0x000000fc7c200000,0x000000fc7c300000)]
  0x00000266caa15620 JavaThread "Signal Dispatcher" daemon [_thread_blocked, id=1976, stack(0x000000fc7c300000,0x000000fc7c400000)]
  0x00000266caa18200 JavaThread "Attach Listener" daemon [_thread_blocked, id=11212, stack(0x000000fc7c400000,0x000000fc7c500000)]
  0x00000266caa1ece0 JavaThread "Service Thread" daemon [_thread_blocked, id=10860, stack(0x000000fc7c500000,0x000000fc7c600000)]
  0x00000266caa1f6a0 JavaThread "Monitor Deflation Thread" daemon [_thread_blocked, id=10156, stack(0x000000fc7c600000,0x000000fc7c700000)]
  0x00000266caa22ff0 JavaThread "C2 CompilerThread0" daemon [_thread_in_native, id=5228, stack(0x000000fc7c700000,0x000000fc7c800000)]
  0x00000266caa2f7f0 JavaThread "C1 CompilerThread0" daemon [_thread_blocked, id=8224, stack(0x000000fc7c800000,0x000000fc7c900000)]
  0x00000266caa34230 JavaThread "Sweeper thread" daemon [_thread_blocked, id=11948, stack(0x000000fc7c900000,0x000000fc7ca00000)]
  0x00000266ca953270 JavaThread "Common-Cleaner" daemon [_thread_blocked, id=12124, stack(0x000000fc7ca00000,0x000000fc7cb00000)]
  0x00000266cac54c90 JavaThread "Monitor Ctrl-Break" daemon [_thread_in_native, id=11344, stack(0x000000fc7cb00000,0x000000fc7cc00000)]
  0x00000266cac55580 JavaThread "Notification Thread" daemon [_thread_blocked, id=6608, stack(0x000000fc7cc00000,0x000000fc7cd00000)]
  0x00000266cad090c0 JavaThread "C2 CompilerThread1" daemon [_thread_blocked, id=8492, stack(0x000000fc7ce00000,0x000000fc7cf00000)]
  0x00000266cf488f10 JavaThread "C2 CompilerThread2" daemon [_thread_blocked, id=11960, stack(0x000000fc7cf00000,0x000000fc7d000000)]

Other Threads:
  0x00000266ca964a40 VMThread "VM Thread" [stack: 0x000000fc7c000000,0x000000fc7c100000] [id=6636]
  0x00000266cac55a60 WatcherThread [stack: 0x000000fc7cd00000,0x000000fc7ce00000] [id=9996]
  0x00000266a75071b0 GCTaskThread "GC Thread#0" [stack: 0x000000fc7bb00000,0x000000fc7bc00000] [id=11328]
  0x00000266cf9ae910 GCTaskThread "GC Thread#1" [stack: 0x000000fc7d000000,0x000000fc7d100000] [id=10000]
  0x00000266cf9a92f0 GCTaskThread "GC Thread#2" [stack: 0x000000fc7d100000,0x000000fc7d200000] [id=7320]
  0x00000266cf9a9dc0 GCTaskThread "GC Thread#3" [stack: 0x000000fc7d200000,0x000000fc7d300000] [id=7144]
  0x00000266cf8a3770 GCTaskThread "GC Thread#4" [stack: 0x000000fc7d300000,0x000000fc7d400000] [id=3360]
=>0x00000266cf8a3a30 GCTaskThread "GC Thread#5" [stack: 0x000000fc7d400000,0x000000fc7d500000] [id=11668]
  0x00000266d07cec90 GCTaskThread "GC Thread#6" [stack: 0x000000fc7d500000,0x000000fc7d600000] [id=5916]
  0x00000266d0174070 GCTaskThread "GC Thread#7" [stack: 0x000000fc7d600000,0x000000fc7d700000] [id=10004]
  0x00000266a7517fc0 ConcurrentGCThread "G1 Main Marker" [stack: 0x000000fc7bc00000,0x000000fc7bd00000] [id=6960]
  0x00000266a7519170 ConcurrentGCThread "G1 Conc#0" [stack: 0x000000fc7bd00000,0x000000fc7be00000] [id=11068]
  0x00000266ca818110 ConcurrentGCThread "G1 Refine#0" [stack: 0x000000fc7be00000,0x000000fc7bf00000] [id=7680]
  0x00000266ca818950 ConcurrentGCThread "G1 Service" [stack: 0x000000fc7bf00000,0x000000fc7c000000] [id=5612]

Threads with active compile tasks:
C2 CompilerThread0     1224 2595   !   4       jdk.internal.loader.URLClassPath$JarLoader::getResource (354 bytes)
C2 CompilerThread1     1224 2672       4       jdk.internal.util.jar.JarIndex::get (49 bytes)

VM state: at safepoint (normal execution)

VM Mutex/Monitor currently owned by a thread:  ([mutex/lock_event])
[0x00000266a7494610] Threads_lock - owner thread: 0x00000266ca964a40
[0x00000266a7495ed0] Heap_lock - owner thread: 0x00000266a7498cd0

Heap address: 0x0000000701400000, size: 4076 MB, Compressed Oops mode: Zero based, Oop shift amount: 3

CDS archive(s) mapped at: [0x0000000800000000-0x0000000800c00000-0x0000000800c00000), size 12582912, SharedBaseAddress: 0x0000000800000000, ArchiveRelocationMode: 0.
Compressed class space mapped at: 0x0000000801000000-0x0000000841000000, reserved size: 1073741824
Narrow klass base: 0x0000000800000000, Narrow klass shift: 0, Narrow klass range: 0x100000000

GC Precious Log:
 CPUs: 12 total, 12 available
 Memory: 16301M
 Large Page Support: Disabled
 NUMA Support: Disabled
 Compressed Oops: Enabled (Zero based)
 Heap Region Size: 2M
 Heap Min Capacity: 8M
 Heap Initial Capacity: 256M
 Heap Max Capacity: 4076M
 Pre-touch: Disabled
 Parallel Workers: 10
 Concurrent Workers: 3
 Concurrent Refinement Workers: 10
 Periodic GC: Disabled

Heap:
 garbage-first heap   total 262144K, used 58242K [0x0000000701400000, 0x0000000800000000)
  region size 2048K, 28 young (57344K), 3 survivors (6144K)
 Metaspace       used 21317K, committed 21504K, reserved 1114112K
  class space    used 2791K, committed 2880K, reserved 1048576K

Heap Regions: E=young(eden), S=young(survivor), O=old, HS=humongous(starts), HC=humongous(continues), CS=collection set, F=free, OA=open archive, CA=closed archive, TAMS=top-at-mark-start (previous, next)
|   0|0x0000000701400000, 0x0000000701600000, 0x0000000701600000|100%| O|  |TAMS 0x0000000701400000, 0x0000000701600000| Untracked 
|   1|0x0000000701600000, 0x0000000701800000, 0x0000000701800000|100%| O|  |TAMS 0x0000000701600000, 0x0000000701800000| Untracked 
|   2|0x0000000701800000, 0x0000000701976200, 0x0000000701a00000| 73%| O|  |TAMS 0x0000000701800000, 0x0000000701976200| Untracked 
|   3|0x0000000701a00000, 0x0000000701a00000, 0x0000000701c00000|  0%| F|  |TAMS 0x0000000701a00000, 0x0000000701a00000| Untracked 
|   4|0x0000000701c00000, 0x0000000701c00000, 0x0000000701e00000|  0%| F|  |TAMS 0x0000000701c00000, 0x0000000701c00000| Untracked 
|   5|0x0000000701e00000, 0x0000000701e00000, 0x0000000702000000|  0%| F|  |TAMS 0x0000000701e00000, 0x0000000701e00000| Untracked 
|   6|0x0000000702000000, 0x0000000702000000, 0x0000000702200000|  0%| F|  |TAMS 0x0000000702000000, 0x0000000702000000| Untracked 
|   7|0x0000000702200000, 0x0000000702200000, 0x0000000702400000|  0%| F|  |TAMS 0x0000000702200000, 0x0000000702200000| Untracked 
|   8|0x0000000702400000, 0x0000000702400000, 0x0000000702600000|  0%| F|  |TAMS 0x0000000702400000, 0x0000000702400000| Untracked 
|   9|0x0000000702600000, 0x0000000702600000, 0x0000000702800000|  0%| F|  |TAMS 0x0000000702600000, 0x0000000702600000| Untracked 
|  10|0x0000000702800000, 0x0000000702800000, 0x0000000702a00000|  0%| F|  |TAMS 0x0000000702800000, 0x0000000702800000| Untracked 
|  11|0x0000000702a00000, 0x0000000702a00000, 0x0000000702c00000|  0%| F|  |TAMS 0x0000000702a00000, 0x0000000702a00000| Untracked 
|  12|0x0000000702c00000, 0x0000000702c00000, 0x0000000702e00000|  0%| F|  |TAMS 0x0000000702c00000, 0x0000000702c00000| Untracked 
|  13|0x0000000702e00000, 0x0000000702e00000, 0x0000000703000000|  0%| F|  |TAMS 0x0000000702e00000, 0x0000000702e00000| Untracked 
|  14|0x0000000703000000, 0x0000000703000000, 0x0000000703200000|  0%| F|  |TAMS 0x0000000703000000, 0x0000000703000000| Untracked 
|  15|0x0000000703200000, 0x0000000703200000, 0x0000000703400000|  0%| F|  |TAMS 0x0000000703200000, 0x0000000703200000| Untracked 
|  16|0x0000000703400000, 0x0000000703400000, 0x0000000703600000|  0%| F|  |TAMS 0x0000000703400000, 0x0000000703400000| Untracked 
|  17|0x0000000703600000, 0x0000000703600000, 0x0000000703800000|  0%| F|  |TAMS 0x0000000703600000, 0x0000000703600000| Untracked 
|  18|0x0000000703800000, 0x0000000703800000, 0x0000000703a00000|  0%| F|  |TAMS 0x0000000703800000, 0x0000000703800000| Untracked 
|  19|0x0000000703a00000, 0x0000000703a00000, 0x0000000703c00000|  0%| F|  |TAMS 0x0000000703a00000, 0x0000000703a00000| Untracked 
|  20|0x0000000703c00000, 0x0000000703c00000, 0x0000000703e00000|  0%| F|  |TAMS 0x0000000703c00000, 0x0000000703c00000| Untracked 
|  21|0x0000000703e00000, 0x0000000703e00000, 0x0000000704000000|  0%| F|  |TAMS 0x0000000703e00000, 0x0000000703e00000| Untracked 
|  22|0x0000000704000000, 0x0000000704000000, 0x0000000704200000|  0%| F|  |TAMS 0x0000000704000000, 0x0000000704000000| Untracked 
|  23|0x0000000704200000, 0x0000000704200000, 0x0000000704400000|  0%| F|  |TAMS 0x0000000704200000, 0x0000000704200000| Untracked 
|  24|0x0000000704400000, 0x0000000704400000, 0x0000000704600000|  0%| F|  |TAMS 0x0000000704400000, 0x0000000704400000| Untracked 
|  25|0x0000000704600000, 0x0000000704600000, 0x0000000704800000|  0%| F|  |TAMS 0x0000000704600000, 0x0000000704600000| Untracked 
|  26|0x0000000704800000, 0x0000000704800000, 0x0000000704a00000|  0%| F|  |TAMS 0x0000000704800000, 0x0000000704800000| Untracked 
|  27|0x0000000704a00000, 0x0000000704a00000, 0x0000000704c00000|  0%| F|  |TAMS 0x0000000704a00000, 0x0000000704a00000| Untracked 
|  28|0x0000000704c00000, 0x0000000704c00000, 0x0000000704e00000|  0%| F|  |TAMS 0x0000000704c00000, 0x0000000704c00000| Untracked 
|  29|0x0000000704e00000, 0x0000000704e00000, 0x0000000705000000|  0%| F|  |TAMS 0x0000000704e00000, 0x0000000704e00000| Untracked 
|  30|0x0000000705000000, 0x0000000705000000, 0x0000000705200000|  0%| F|  |TAMS 0x0000000705000000, 0x0000000705000000| Untracked 
|  31|0x0000000705200000, 0x0000000705200000, 0x0000000705400000|  0%| F|  |TAMS 0x0000000705200000, 0x0000000705200000| Untracked 
|  32|0x0000000705400000, 0x0000000705400000, 0x0000000705600000|  0%| F|  |TAMS 0x0000000705400000, 0x0000000705400000| Untracked 
|  33|0x0000000705600000, 0x0000000705600000, 0x0000000705800000|  0%| F|  |TAMS 0x0000000705600000, 0x0000000705600000| Untracked 
|  34|0x0000000705800000, 0x0000000705800000, 0x0000000705a00000|  0%| F|  |TAMS 0x0000000705800000, 0x0000000705800000| Untracked 
|  35|0x0000000705a00000, 0x0000000705a00000, 0x0000000705c00000|  0%| F|  |TAMS 0x0000000705a00000, 0x0000000705a00000| Untracked 
|  36|0x0000000705c00000, 0x0000000705c00000, 0x0000000705e00000|  0%| F|  |TAMS 0x0000000705c00000, 0x0000000705c00000| Untracked 
|  37|0x0000000705e00000, 0x0000000705e00000, 0x0000000706000000|  0%| F|  |TAMS 0x0000000705e00000, 0x0000000705e00000| Untracked 
|  38|0x0000000706000000, 0x0000000706000000, 0x0000000706200000|  0%| F|  |TAMS 0x0000000706000000, 0x0000000706000000| Untracked 
|  39|0x0000000706200000, 0x0000000706200000, 0x0000000706400000|  0%| F|  |TAMS 0x0000000706200000, 0x0000000706200000| Untracked 
|  40|0x0000000706400000, 0x0000000706400000, 0x0000000706600000|  0%| F|  |TAMS 0x0000000706400000, 0x0000000706400000| Untracked 
|  41|0x0000000706600000, 0x0000000706600000, 0x0000000706800000|  0%| F|  |TAMS 0x0000000706600000, 0x0000000706600000| Untracked 
|  42|0x0000000706800000, 0x0000000706800000, 0x0000000706a00000|  0%| F|  |TAMS 0x0000000706800000, 0x0000000706800000| Untracked 
|  43|0x0000000706a00000, 0x0000000706a00000, 0x0000000706c00000|  0%| F|  |TAMS 0x0000000706a00000, 0x0000000706a00000| Untracked 
|  44|0x0000000706c00000, 0x0000000706c00000, 0x0000000706e00000|  0%| F|  |TAMS 0x0000000706c00000, 0x0000000706c00000| Untracked 
|  45|0x0000000706e00000, 0x0000000706e00000, 0x0000000707000000|  0%| F|  |TAMS 0x0000000706e00000, 0x0000000706e00000| Untracked 
|  46|0x0000000707000000, 0x0000000707000000, 0x0000000707200000|  0%| F|  |TAMS 0x0000000707000000, 0x0000000707000000| Untracked 
|  47|0x0000000707200000, 0x0000000707200000, 0x0000000707400000|  0%| F|  |TAMS 0x0000000707200000, 0x0000000707200000| Untracked 
|  48|0x0000000707400000, 0x0000000707400000, 0x0000000707600000|  0%| F|  |TAMS 0x0000000707400000, 0x0000000707400000| Untracked 
|  49|0x0000000707600000, 0x0000000707600000, 0x0000000707800000|  0%| F|  |TAMS 0x0000000707600000, 0x0000000707600000| Untracked 
|  50|0x0000000707800000, 0x0000000707800000, 0x0000000707a00000|  0%| F|  |TAMS 0x0000000707800000, 0x0000000707800000| Untracked 
|  51|0x0000000707a00000, 0x0000000707a00000, 0x0000000707c00000|  0%| F|  |TAMS 0x0000000707a00000, 0x0000000707a00000| Untracked 
|  52|0x0000000707c00000, 0x0000000707c00000, 0x0000000707e00000|  0%| F|  |TAMS 0x0000000707c00000, 0x0000000707c00000| Untracked 
|  53|0x0000000707e00000, 0x0000000707e00000, 0x0000000708000000|  0%| F|  |TAMS 0x0000000707e00000, 0x0000000707e00000| Untracked 
|  54|0x0000000708000000, 0x0000000708000000, 0x0000000708200000|  0%| F|  |TAMS 0x0000000708000000, 0x0000000708000000| Untracked 
|  55|0x0000000708200000, 0x0000000708200000, 0x0000000708400000|  0%| F|  |TAMS 0x0000000708200000, 0x0000000708200000| Untracked 
|  56|0x0000000708400000, 0x0000000708400000, 0x0000000708600000|  0%| F|  |TAMS 0x0000000708400000, 0x0000000708400000| Untracked 
|  57|0x0000000708600000, 0x0000000708600000, 0x0000000708800000|  0%| F|  |TAMS 0x0000000708600000, 0x0000000708600000| Untracked 
|  58|0x0000000708800000, 0x0000000708800000, 0x0000000708a00000|  0%| F|  |TAMS 0x0000000708800000, 0x0000000708800000| Untracked 
|  59|0x0000000708a00000, 0x0000000708a00000, 0x0000000708c00000|  0%| F|  |TAMS 0x0000000708a00000, 0x0000000708a00000| Untracked 
|  60|0x0000000708c00000, 0x0000000708c00000, 0x0000000708e00000|  0%| F|  |TAMS 0x0000000708c00000, 0x0000000708c00000| Untracked 
|  61|0x0000000708e00000, 0x0000000708e00000, 0x0000000709000000|  0%| F|  |TAMS 0x0000000708e00000, 0x0000000708e00000| Untracked 
|  62|0x0000000709000000, 0x0000000709000000, 0x0000000709200000|  0%| F|  |TAMS 0x0000000709000000, 0x0000000709000000| Untracked 
|  63|0x0000000709200000, 0x0000000709200000, 0x0000000709400000|  0%| F|  |TAMS 0x0000000709200000, 0x0000000709200000| Untracked 
|  64|0x0000000709400000, 0x0000000709400000, 0x0000000709600000|  0%| F|  |TAMS 0x0000000709400000, 0x0000000709400000| Untracked 
|  65|0x0000000709600000, 0x0000000709600000, 0x0000000709800000|  0%| F|  |TAMS 0x0000000709600000, 0x0000000709600000| Untracked 
|  66|0x0000000709800000, 0x0000000709800000, 0x0000000709a00000|  0%| F|  |TAMS 0x0000000709800000, 0x0000000709800000| Untracked 
|  67|0x0000000709a00000, 0x0000000709a00000, 0x0000000709c00000|  0%| F|  |TAMS 0x0000000709a00000, 0x0000000709a00000| Untracked 
|  68|0x0000000709c00000, 0x0000000709c00000, 0x0000000709e00000|  0%| F|  |TAMS 0x0000000709c00000, 0x0000000709c00000| Untracked 
|  69|0x0000000709e00000, 0x0000000709e00000, 0x000000070a000000|  0%| F|  |TAMS 0x0000000709e00000, 0x0000000709e00000| Untracked 
|  70|0x000000070a000000, 0x000000070a000000, 0x000000070a200000|  0%| F|  |TAMS 0x000000070a000000, 0x000000070a000000| Untracked 
|  71|0x000000070a200000, 0x000000070a200000, 0x000000070a400000|  0%| F|  |TAMS 0x000000070a200000, 0x000000070a200000| Untracked 
|  72|0x000000070a400000, 0x000000070a400000, 0x000000070a600000|  0%| F|  |TAMS 0x000000070a400000, 0x000000070a400000| Untracked 
|  73|0x000000070a600000, 0x000000070a600000, 0x000000070a800000|  0%| F|  |TAMS 0x000000070a600000, 0x000000070a600000| Untracked 
|  74|0x000000070a800000, 0x000000070a800000, 0x000000070aa00000|  0%| F|  |TAMS 0x000000070a800000, 0x000000070a800000| Untracked 
|  75|0x000000070aa00000, 0x000000070aa00000, 0x000000070ac00000|  0%| F|  |TAMS 0x000000070aa00000, 0x000000070aa00000| Untracked 
|  76|0x000000070ac00000, 0x000000070ac00000, 0x000000070ae00000|  0%| F|  |TAMS 0x000000070ac00000, 0x000000070ac00000| Untracked 
|  77|0x000000070ae00000, 0x000000070ae00000, 0x000000070b000000|  0%| F|  |TAMS 0x000000070ae00000, 0x000000070ae00000| Untracked 
|  78|0x000000070b000000, 0x000000070b000000, 0x000000070b200000|  0%| F|  |TAMS 0x000000070b000000, 0x000000070b000000| Untracked 
|  79|0x000000070b200000, 0x000000070b200000, 0x000000070b400000|  0%| F|  |TAMS 0x000000070b200000, 0x000000070b200000| Untracked 
|  80|0x000000070b400000, 0x000000070b400000, 0x000000070b600000|  0%| F|  |TAMS 0x000000070b400000, 0x000000070b400000| Untracked 
|  81|0x000000070b600000, 0x000000070b600000, 0x000000070b800000|  0%| F|  |TAMS 0x000000070b600000, 0x000000070b600000| Untracked 
|  82|0x000000070b800000, 0x000000070b800000, 0x000000070ba00000|  0%| F|  |TAMS 0x000000070b800000, 0x000000070b800000| Untracked 
|  83|0x000000070ba00000, 0x000000070ba00000, 0x000000070bc00000|  0%| F|  |TAMS 0x000000070ba00000, 0x000000070ba00000| Untracked 
|  84|0x000000070bc00000, 0x000000070bc00000, 0x000000070be00000|  0%| F|  |TAMS 0x000000070bc00000, 0x000000070bc00000| Untracked 
|  85|0x000000070be00000, 0x000000070be00000, 0x000000070c000000|  0%| F|  |TAMS 0x000000070be00000, 0x000000070be00000| Untracked 
|  86|0x000000070c000000, 0x000000070c000000, 0x000000070c200000|  0%| F|  |TAMS 0x000000070c000000, 0x000000070c000000| Untracked 
|  87|0x000000070c200000, 0x000000070c200000, 0x000000070c400000|  0%| F|  |TAMS 0x000000070c200000, 0x000000070c200000| Untracked 
|  88|0x000000070c400000, 0x000000070c400000, 0x000000070c600000|  0%| F|  |TAMS 0x000000070c400000, 0x000000070c400000| Untracked 
|  89|0x000000070c600000, 0x000000070c600000, 0x000000070c800000|  0%| F|  |TAMS 0x000000070c600000, 0x000000070c600000| Untracked 
|  90|0x000000070c800000, 0x000000070c800000, 0x000000070ca00000|  0%| F|  |TAMS 0x000000070c800000, 0x000000070c800000| Untracked 
|  91|0x000000070ca00000, 0x000000070ca00000, 0x000000070cc00000|  0%| F|  |TAMS 0x000000070ca00000, 0x000000070ca00000| Untracked 
|  92|0x000000070cc00000, 0x000000070cc00000, 0x000000070ce00000|  0%| F|  |TAMS 0x000000070cc00000, 0x000000070cc00000| Untracked 
|  93|0x000000070ce00000, 0x000000070ce00000, 0x000000070d000000|  0%| F|  |TAMS 0x000000070ce00000, 0x000000070ce00000| Untracked 
|  94|0x000000070d000000, 0x000000070d000000, 0x000000070d200000|  0%| F|  |TAMS 0x000000070d000000, 0x000000070d000000| Untracked 
|  95|0x000000070d200000, 0x000000070d200000, 0x000000070d400000|  0%| F|  |TAMS 0x000000070d200000, 0x000000070d200000| Untracked 
|  96|0x000000070d400000, 0x000000070d400000, 0x000000070d600000|  0%| F|  |TAMS 0x000000070d400000, 0x000000070d400000| Untracked 
|  97|0x000000070d600000, 0x000000070d600000, 0x000000070d800000|  0%| F|  |TAMS 0x000000070d600000, 0x000000070d600000| Untracked 
|  98|0x000000070d800000, 0x000000070d848640, 0x000000070da00000| 14%| S|  |TAMS 0x000000070d800000, 0x000000070d800000| Complete 
|  99|0x000000070da00000, 0x000000070dc00000, 0x000000070dc00000|100%| S|  |TAMS 0x000000070da00000, 0x000000070da00000| Complete 
| 100|0x000000070dc00000, 0x000000070de00000, 0x000000070de00000|100%| S|  |TAMS 0x000000070dc00000, 0x000000070dc00000| Complete 
| 101|0x000000070de00000, 0x000000070df00800, 0x000000070e000000| 50%| E|CS|TAMS 0x000000070de00000, 0x000000070df00800| Complete 
| 102|0x000000070e000000, 0x000000070e200000, 0x000000070e200000|100%| E|CS|TAMS 0x000000070e000000, 0x000000070e200000| Complete 
| 103|0x000000070e200000, 0x000000070e400000, 0x000000070e400000|100%| E|CS|TAMS 0x000000070e200000, 0x000000070e400000| Complete 
| 104|0x000000070e400000, 0x000000070e600000, 0x000000070e600000|100%| E|CS|TAMS 0x000000070e400000, 0x000000070e600000| Complete 
| 105|0x000000070e600000, 0x000000070e800000, 0x000000070e800000|100%| E|CS|TAMS 0x000000070e600000, 0x000000070e800000| Complete 
| 106|0x000000070e800000, 0x000000070ea00000, 0x000000070ea00000|100%| E|CS|TAMS 0x000000070e800000, 0x000000070ea00000| Complete 
| 107|0x000000070ea00000, 0x000000070ec00000, 0x000000070ec00000|100%| E|CS|TAMS 0x000000070ea00000, 0x000000070ec00000| Complete 
| 108|0x000000070ec00000, 0x000000070ee00000, 0x000000070ee00000|100%| E|CS|TAMS 0x000000070ec00000, 0x000000070ee00000| Complete 
| 109|0x000000070ee00000, 0x000000070f000000, 0x000000070f000000|100%| E|CS|TAMS 0x000000070ee00000, 0x000000070f000000| Complete 
| 110|0x000000070f000000, 0x000000070f200000, 0x000000070f200000|100%| E|CS|TAMS 0x000000070f000000, 0x000000070f200000| Complete 
| 111|0x000000070f200000, 0x000000070f26a030, 0x000000070f400000| 20%| E|CS|TAMS 0x000000070f200000, 0x000000070f26a030| Complete 
| 112|0x000000070f400000, 0x000000070f600000, 0x000000070f600000|100%| E|CS|TAMS 0x000000070f400000, 0x000000070f600000| Complete 
| 113|0x000000070f600000, 0x000000070f800000, 0x000000070f800000|100%| E|CS|TAMS 0x000000070f600000, 0x000000070f800000| Complete 
| 114|0x000000070f800000, 0x000000070fa00000, 0x000000070fa00000|100%| E|CS|TAMS 0x000000070f800000, 0x000000070fa00000| Complete 
| 115|0x000000070fa00000, 0x000000070fc00000, 0x000000070fc00000|100%| E|CS|TAMS 0x000000070fa00000, 0x000000070fc00000| Complete 
| 116|0x000000070fc00000, 0x000000070fe00000, 0x000000070fe00000|100%| E|CS|TAMS 0x000000070fc00000, 0x000000070fe00000| Complete 
| 117|0x000000070fe00000, 0x0000000710000000, 0x0000000710000000|100%| E|CS|TAMS 0x000000070fe00000, 0x0000000710000000| Complete 
| 118|0x0000000710000000, 0x0000000710200000, 0x0000000710200000|100%| E|CS|TAMS 0x0000000710000000, 0x0000000710200000| Complete 
| 119|0x0000000710200000, 0x0000000710400000, 0x0000000710400000|100%| E|CS|TAMS 0x0000000710200000, 0x0000000710400000| Complete 
| 120|0x0000000710400000, 0x0000000710600000, 0x0000000710600000|100%| E|CS|TAMS 0x0000000710400000, 0x0000000710600000| Complete 
| 121|0x0000000710600000, 0x0000000710800000, 0x0000000710800000|100%| E|CS|TAMS 0x0000000710600000, 0x0000000710800000| Complete 
| 122|0x0000000710800000, 0x0000000710a00000, 0x0000000710a00000|100%| E|CS|TAMS 0x0000000710800000, 0x0000000710a00000| Complete 
| 123|0x0000000710a00000, 0x0000000710c00000, 0x0000000710c00000|100%| E|CS|TAMS 0x0000000710a00000, 0x0000000710c00000| Complete 
| 124|0x0000000710c00000, 0x0000000710e00000, 0x0000000710e00000|100%| E|CS|TAMS 0x0000000710c00000, 0x0000000710e00000| Complete 
| 125|0x0000000710e00000, 0x0000000711000000, 0x0000000711000000|100%| E|CS|TAMS 0x0000000710e00000, 0x0000000711000000| Complete 
| 126|0x0000000711000000, 0x0000000711200000, 0x0000000711200000|100%| E|CS|TAMS 0x0000000711000000, 0x0000000711200000| Complete 
| 127|0x0000000711200000, 0x0000000711400000, 0x0000000711400000|100%| E|CS|TAMS 0x0000000711200000, 0x0000000711400000| Complete 

Card table byte_map: [0x00000266bed70000,0x00000266bf570000] _byte_map_base: 0x00000266bb566000

Marking Bits (Prev, Next): (CMBitMap*) 0x00000266a75077d0, (CMBitMap*) 0x00000266a7507810
 Prev Bits: [0x00000266bfd70000, 0x00000266c3d20000)
 Next Bits: [0x00000266c3d20000, 0x00000266c7cd0000)

Polling page: 0x00000266a5190000

Metaspace:

Usage:
  Non-class:     18.09 MB used.
      Class:      2.73 MB used.
       Both:     20.82 MB used.

Virtual space:
  Non-class space:       64.00 MB reserved,      18.19 MB ( 28%) committed,  1 nodes.
      Class space:        1.00 GB reserved,       2.81 MB ( <1%) committed,  1 nodes.
             Both:        1.06 GB reserved,      21.00 MB (  2%) committed. 

Chunk freelists:
   Non-Class:  13.58 MB
       Class:  13.19 MB
        Both:  26.77 MB

MaxMetaspaceSize: unlimited
CompressedClassSpaceSize: 1.00 GB
Initial GC threshold: 21.00 MB
Current GC threshold: 21.00 MB
CDS: on
MetaspaceReclaimPolicy: balanced
 - commit_granule_bytes: 65536.
 - commit_granule_words: 8192.
 - virtual_space_node_default_size: 8388608.
 - enlarge_chunks_in_place: 1.
 - new_chunks_are_fully_committed: 0.
 - uncommit_free_chunks: 1.
 - use_allocation_guard: 0.
 - handle_deallocations: 1.


Internal statistics:

num_allocs_failed_limit: 3.
num_arena_births: 236.
num_arena_deaths: 0.
num_vsnodes_births: 2.
num_vsnodes_deaths: 0.
num_space_committed: 336.
num_space_uncommitted: 0.
num_chunks_returned_to_freelist: 3.
num_chunks_taken_from_freelist: 952.
num_chunk_merges: 3.
num_chunk_splits: 671.
num_chunks_enlarged: 533.
num_inconsistent_stats: 0.

CodeHeap 'non-profiled nmethods': size=120000Kb used=1293Kb max_used=1293Kb free=118706Kb
 bounds [0x00000266b6af0000, 0x00000266b6d60000, 0x00000266be020000]
CodeHeap 'profiled nmethods': size=120000Kb used=5510Kb max_used=5510Kb free=114489Kb
 bounds [0x00000266af020000, 0x00000266af590000, 0x00000266b6550000]
CodeHeap 'non-nmethods': size=5760Kb used=1204Kb max_used=1268Kb free=4555Kb
 bounds [0x00000266b6550000, 0x00000266b67c0000, 0x00000266b6af0000]
 total_blobs=3186 nmethods=2682 adapters=416
 compilation: enabled
              stopped_count=0, restarted_count=0
 full_count=0

Compilation events (20 events):
Event: 1.200 Thread 0x00000266caa2f7f0 nmethod 2675 0x00000266b6c32210 code [0x00000266b6c323a0, 0x00000266b6c32478]
Event: 1.200 Thread 0x00000266caa2f7f0 2676       1       org.springframework.beans.factory.support.AbstractBeanDefinition::getFactoryBeanName (5 bytes)
Event: 1.200 Thread 0x00000266cf488f10 nmethod 2559 0x00000266b6c30a90 code [0x00000266b6c30c80, 0x00000266b6c31740]
Event: 1.200 Thread 0x00000266caa2f7f0 nmethod 2676 0x00000266b6c32510 code [0x00000266b6c326a0, 0x00000266b6c32778]
Event: 1.202 Thread 0x00000266cf488f10 2677       4       java.lang.invoke.DirectMethodHandle$Holder::newInvokeSpecial (21 bytes)
Event: 1.203 Thread 0x00000266cf488f10 nmethod 2677 0x00000266b6c32810 code [0x00000266b6c329a0, 0x00000266b6c32ba8]
Event: 1.203 Thread 0x00000266cf488f10 2678       4       java.util.LinkedHashMap$LinkedHashIterator::nextNode (54 bytes)
Event: 1.203 Thread 0x00000266caa2f7f0 2679       3       org.springframework.beans.factory.support.AbstractBeanFactory::isTypeMatch (619 bytes)
Event: 1.204 Thread 0x00000266cf488f10 nmethod 2678 0x00000266b6c32d90 code [0x00000266b6c32f00, 0x00000266b6c33198]
Event: 1.205 Thread 0x00000266caa2f7f0 nmethod 2679 0x00000266af579590 code [0x00000266af579c60, 0x00000266af57ed28]
Event: 1.205 Thread 0x00000266cf488f10 2683       4       java.security.CodeSource::getCertificates (98 bytes)
Event: 1.205 Thread 0x00000266caa2f7f0 2682       3       org.springframework.beans.factory.support.AbstractBeanFactory::getMergedLocalBeanDefinition (38 bytes)
Event: 1.205 Thread 0x00000266caa2f7f0 nmethod 2682 0x00000266af580190 code [0x00000266af580380, 0x00000266af580908]
Event: 1.205 Thread 0x00000266caa2f7f0 2680       3       org.springframework.beans.factory.support.AbstractBeanDefinition::hasBeanClass (8 bytes)
Event: 1.205 Thread 0x00000266caa2f7f0 nmethod 2680 0x00000266af580a90 code [0x00000266af580c20, 0x00000266af580e38]
Event: 1.205 Thread 0x00000266caa2f7f0 2681       3       org.springframework.core.ResolvableType$1::isAssignableFrom (24 bytes)
Event: 1.205 Thread 0x00000266cf488f10 nmethod 2683 0x00000266b6c33290 code [0x00000266b6c33400, 0x00000266b6c334b8]
Event: 1.205 Thread 0x00000266caa2f7f0 nmethod 2681 0x00000266af580f10 code [0x00000266af5810c0, 0x00000266af581288]
Event: 1.206 Thread 0x00000266caa2f7f0 2684       3       org.springframework.util.Assert::hasText (17 bytes)
Event: 1.206 Thread 0x00000266caa2f7f0 nmethod 2684 0x00000266af581310 code [0x00000266af5814e0, 0x00000266af5818f8]

GC Heap History (5 events):
Event: 0.409 GC heap before
{Heap before GC invocations=0 (full 0):
 garbage-first heap   total 262144K, used 22528K [0x0000000701400000, 0x0000000800000000)
  region size 2048K, 11 young (22528K), 0 survivors (0K)
 Metaspace       used 4917K, committed 5056K, reserved 1114112K
  class space    used 631K, committed 704K, reserved 1048576K
}
Event: 0.411 GC heap after
{Heap after GC invocations=1 (full 0):
 garbage-first heap   total 262144K, used 5582K [0x0000000701400000, 0x0000000800000000)
  region size 2048K, 2 young (4096K), 2 survivors (4096K)
 Metaspace       used 4917K, committed 5056K, reserved 1114112K
  class space    used 631K, committed 704K, reserved 1048576K
}
Event: 0.794 GC heap before
{Heap before GC invocations=1 (full 0):
 garbage-first heap   total 262144K, used 32206K [0x0000000701400000, 0x0000000800000000)
  region size 2048K, 15 young (30720K), 2 survivors (4096K)
 Metaspace       used 11516K, committed 11776K, reserved 1114112K
  class space    used 1513K, committed 1664K, reserved 1048576K
}
Event: 0.797 GC heap after
{Heap after GC invocations=2 (full 0):
 garbage-first heap   total 262144K, used 8064K [0x0000000701400000, 0x0000000800000000)
  region size 2048K, 2 young (4096K), 2 survivors (4096K)
 Metaspace       used 11516K, committed 11776K, reserved 1114112K
  class space    used 1513K, committed 1664K, reserved 1048576K
}
Event: 1.207 GC heap before
{Heap before GC invocations=2 (full 0):
 garbage-first heap   total 262144K, used 57216K [0x0000000701400000, 0x0000000800000000)
  region size 2048K, 27 young (55296K), 2 survivors (4096K)
 Metaspace       used 21317K, committed 21504K, reserved 1114112K
  class space    used 2791K, committed 2880K, reserved 1048576K
}

Dll operation events (9 events):
Event: 0.003 Loaded shared library C:\Users\Administrator\.jdks\azul-17.0.7\bin\java.dll
Event: 0.008 Loaded shared library C:\Users\Administrator\.jdks\azul-17.0.7\bin\jsvml.dll
Event: 0.065 Loaded shared library C:\Users\Administrator\.jdks\azul-17.0.7\bin\zip.dll
Event: 0.068 Loaded shared library C:\Users\Administrator\.jdks\azul-17.0.7\bin\instrument.dll
Event: 0.070 Loaded shared library C:\Users\Administrator\.jdks\azul-17.0.7\bin\net.dll
Event: 0.071 Loaded shared library C:\Users\Administrator\.jdks\azul-17.0.7\bin\nio.dll
Event: 0.073 Loaded shared library C:\Users\Administrator\.jdks\azul-17.0.7\bin\zip.dll
Event: 0.078 Loaded shared library C:\Program Files\JetBrains\IntelliJ IDEA 2023.1\bin\breakgen64.dll
Event: 0.136 Loaded shared library C:\Users\Administrator\.jdks\azul-17.0.7\bin\jimage.dll

Deoptimization events (20 events):
Event: 1.126 Thread 0x00000266a7498cd0 Uncommon trap: trap_request=0xffffffde fr.pc=0x00000266b6bb3188 relative=0x0000000000001028
Event: 1.126 Thread 0x00000266a7498cd0 Uncommon trap: reason=class_check action=maybe_recompile pc=0x00000266b6bb3188 method=java.util.HashMap.putVal(ILjava/lang/Object;Ljava/lang/Object;ZZ)Ljava/lang/Object; @ 203 c2
Event: 1.126 Thread 0x00000266a7498cd0 DEOPT PACKING pc=0x00000266b6bb3188 sp=0x000000fc7bafb820
Event: 1.126 Thread 0x00000266a7498cd0 DEOPT UNPACKING pc=0x00000266b65a69a3 sp=0x000000fc7bafb7b0 mode 2
Event: 1.127 Thread 0x00000266a7498cd0 Uncommon trap: trap_request=0xffffffde fr.pc=0x00000266b6bb3188 relative=0x0000000000001028
Event: 1.127 Thread 0x00000266a7498cd0 Uncommon trap: reason=class_check action=maybe_recompile pc=0x00000266b6bb3188 method=java.util.HashMap.putVal(ILjava/lang/Object;Ljava/lang/Object;ZZ)Ljava/lang/Object; @ 203 c2
Event: 1.127 Thread 0x00000266a7498cd0 DEOPT PACKING pc=0x00000266b6bb3188 sp=0x000000fc7bafb970
Event: 1.127 Thread 0x00000266a7498cd0 DEOPT UNPACKING pc=0x00000266b65a69a3 sp=0x000000fc7bafb900 mode 2
Event: 1.140 Thread 0x00000266a7498cd0 Uncommon trap: trap_request=0xffffffde fr.pc=0x00000266b6baf718 relative=0x00000000000004d8
Event: 1.140 Thread 0x00000266a7498cd0 Uncommon trap: reason=class_check action=maybe_recompile pc=0x00000266b6baf718 method=java.util.HashMap.getNode(Ljava/lang/Object;)Ljava/util/HashMap$Node; @ 128 c2
Event: 1.140 Thread 0x00000266a7498cd0 DEOPT PACKING pc=0x00000266b6baf718 sp=0x000000fc7bafbb00
Event: 1.140 Thread 0x00000266a7498cd0 DEOPT UNPACKING pc=0x00000266b65a69a3 sp=0x000000fc7bafba18 mode 2
Event: 1.141 Thread 0x00000266a7498cd0 Uncommon trap: trap_request=0xffffffde fr.pc=0x00000266b6bb3188 relative=0x0000000000001028
Event: 1.141 Thread 0x00000266a7498cd0 Uncommon trap: reason=class_check action=maybe_recompile pc=0x00000266b6bb3188 method=java.util.HashMap.putVal(ILjava/lang/Object;Ljava/lang/Object;ZZ)Ljava/lang/Object; @ 203 c2
Event: 1.141 Thread 0x00000266a7498cd0 DEOPT PACKING pc=0x00000266b6bb3188 sp=0x000000fc7bafb970
Event: 1.141 Thread 0x00000266a7498cd0 DEOPT UNPACKING pc=0x00000266b65a69a3 sp=0x000000fc7bafb900 mode 2
Event: 1.141 Thread 0x00000266a7498cd0 Uncommon trap: trap_request=0xffffffde fr.pc=0x00000266b6bb3188 relative=0x0000000000001028
Event: 1.141 Thread 0x00000266a7498cd0 Uncommon trap: reason=class_check action=maybe_recompile pc=0x00000266b6bb3188 method=java.util.HashMap.putVal(ILjava/lang/Object;Ljava/lang/Object;ZZ)Ljava/lang/Object; @ 203 c2
Event: 1.141 Thread 0x00000266a7498cd0 DEOPT PACKING pc=0x00000266b6bb3188 sp=0x000000fc7bafb970
Event: 1.141 Thread 0x00000266a7498cd0 DEOPT UNPACKING pc=0x00000266b65a69a3 sp=0x000000fc7bafb900 mode 2

Classes unloaded (0 events):
No events

Classes redefined (0 events):
No events

Internal exceptions (20 events):
Event: 0.817 Thread 0x00000266a7498cd0 Exception <a 'java/lang/NoSuchMethodError'{0x00000007110b08a0}: 'java.lang.Object java.lang.invoke.DirectMethodHandle$Holder.invokeSpecial(java.lang.Object, java.lang.Object, java.lang.Object, java.lang.Object, java.lang.Object, java.lang.Object, java.lang.Object, int)'> (0x00000007110b08a0) 
thrown [s\src\hotspot\share\interpreter\linkResolver.cpp, line 759]
Event: 0.834 Thread 0x00000266a7498cd0 Exception <a 'java/lang/NoSuchMethodError'{0x0000000710e00160}: 'void java.lang.invoke.DirectMethodHandle$Holder.invokeStatic(java.lang.Object, java.lang.Object, java.lang.Object, java.lang.Object, java.lang.Object, java.lang.Object)'> (0x0000000710e00160) 
thrown [s\src\hotspot\share\interpreter\linkResolver.cpp, line 759]
Event: 0.862 Thread 0x00000266a7498cd0 Implicit null exception at 0x00000266b6b52d8f to 0x00000266b6b531d4
Event: 0.887 Thread 0x00000266a7498cd0 Exception <a 'java/lang/NoSuchMethodError'{0x0000000710df7040}: 'java.lang.Object java.lang.invoke.DirectMethodHandle$Holder.invokeSpecial(java.lang.Object, java.lang.Object, java.lang.Object, int, java.lang.Object)'> (0x0000000710df7040) 
thrown [s\src\hotspot\share\interpreter\linkResolver.cpp, line 759]
Event: 0.887 Thread 0x00000266a7498cd0 Exception <a 'java/lang/NoSuchMethodError'{0x0000000710dffaf8}: 'java.lang.Object java.lang.invoke.DirectMethodHandle$Holder.newInvokeSpecial(java.lang.Object, java.lang.Object, java.lang.Object, int, java.lang.Object)'> (0x0000000710dffaf8) 
thrown [s\src\hotspot\share\interpreter\linkResolver.cpp, line 759]
Event: 0.887 Thread 0x00000266a7498cd0 Exception <a 'java/lang/NoSuchMethodError'{0x0000000710a08010}: 'java.lang.Object java.lang.invoke.Invokers$Holder.linkToTargetMethod(java.lang.Object, java.lang.Object, int, java.lang.Object, java.lang.Object)'> (0x0000000710a08010) 
thrown [s\src\hotspot\share\interpreter\linkResolver.cpp, line 759]
Event: 0.888 Thread 0x00000266a7498cd0 Exception <a 'java/lang/NoSuchMethodError'{0x0000000710a17d28}: 'java.lang.Object java.lang.invoke.DirectMethodHandle$Holder.newInvokeSpecial(java.lang.Object, int, java.lang.Object)'> (0x0000000710a17d28) 
thrown [s\src\hotspot\share\interpreter\linkResolver.cpp, line 759]
Event: 0.911 Thread 0x00000266a7498cd0 Exception <a 'java/lang/NoSuchMethodError'{0x0000000710b8a370}: 'java.lang.Object java.lang.invoke.DirectMethodHandle$Holder.invokeStatic(java.lang.Object, java.lang.Object, long, java.lang.Object)'> (0x0000000710b8a370) 
thrown [s\src\hotspot\share\interpreter\linkResolver.cpp, line 759]
Event: 0.911 Thread 0x00000266a7498cd0 Exception <a 'java/lang/NoSuchMethodError'{0x0000000710b8e358}: 'java.lang.Object java.lang.invoke.DirectMethodHandle$Holder.invokeStaticInit(java.lang.Object, java.lang.Object, long, java.lang.Object)'> (0x0000000710b8e358) 
thrown [s\src\hotspot\share\interpreter\linkResolver.cpp, line 759]
Event: 0.911 Thread 0x00000266a7498cd0 Exception <a 'java/lang/NoSuchMethodError'{0x0000000710b94fb0}: 'java.lang.Object java.lang.invoke.DirectMethodHandle$Holder.newInvokeSpecial(java.lang.Object, java.lang.Object, long)'> (0x0000000710b94fb0) 
thrown [s\src\hotspot\share\interpreter\linkResolver.cpp, line 759]
Event: 0.911 Thread 0x00000266a7498cd0 Exception <a 'java/lang/NoSuchMethodError'{0x0000000710b99318}: 'java.lang.Object java.lang.invoke.Invokers$Holder.linkToTargetMethod(java.lang.Object, long, java.lang.Object)'> (0x0000000710b99318) 
thrown [s\src\hotspot\share\interpreter\linkResolver.cpp, line 759]
Event: 0.918 Thread 0x00000266a7498cd0 Exception <a 'java/lang/NoSuchMethodError'{0x0000000710be0a08}: 'void java.lang.invoke.DirectMethodHandle$Holder.invokeVirtual(java.lang.Object, java.lang.Object, java.lang.Object, java.lang.Object)'> (0x0000000710be0a08) 
thrown [s\src\hotspot\share\interpreter\linkResolver.cpp, line 759]
Event: 0.940 Thread 0x00000266a7498cd0 Exception <a 'java/lang/IncompatibleClassChangeError'{0x0000000710978a98}: Found class java.lang.Object, but interface was expected> (0x0000000710978a98) 
thrown [s\src\hotspot\share\interpreter\linkResolver.cpp, line 826]
Event: 1.086 Thread 0x00000266a7498cd0 Exception <a 'java/lang/IncompatibleClassChangeError'{0x000000070eaabbb0}: Found class java.lang.Object, but interface was expected> (0x000000070eaabbb0) 
thrown [s\src\hotspot\share\interpreter\linkResolver.cpp, line 826]
Event: 1.103 Thread 0x00000266d01a3920 Exception <a 'java/lang/NoSuchMethodError'{0x000000070e613978}: 'long java.lang.invoke.DirectMethodHandle$Holder.invokeSpecial(java.lang.Object, java.lang.Object)'> (0x000000070e613978) 
thrown [s\src\hotspot\share\interpreter\linkResolver.cpp, line 759]
Event: 1.104 Thread 0x00000266d01a3920 Exception <a 'java/lang/NoSuchMethodError'{0x000000070e61e848}: 'long java.lang.invoke.DirectMethodHandle$Holder.invokeStatic(java.lang.Object, java.lang.Object)'> (0x000000070e61e848) 
thrown [s\src\hotspot\share\interpreter\linkResolver.cpp, line 759]
Event: 1.104 Thread 0x00000266d01a3920 Exception <a 'java/lang/NoSuchMethodError'{0x000000070e621e48}: 'long java.lang.invoke.DirectMethodHandle$Holder.invokeStaticInit(java.lang.Object, java.lang.Object)'> (0x000000070e621e48) 
thrown [s\src\hotspot\share\interpreter\linkResolver.cpp, line 759]
Event: 1.105 Thread 0x00000266d01a3920 Exception <a 'java/lang/NoSuchMethodError'{0x000000070e62f9f0}: 'long java.lang.invoke.DirectMethodHandle$Holder.invokeInterface(java.lang.Object, java.lang.Object)'> (0x000000070e62f9f0) 
thrown [s\src\hotspot\share\interpreter\linkResolver.cpp, line 759]
Event: 1.105 Thread 0x00000266d01a3920 Exception <a 'java/lang/IncompatibleClassChangeError'{0x000000070e632f80}: Found class java.lang.Object, but interface was expected> (0x000000070e632f80) 
thrown [s\src\hotspot\share\interpreter\linkResolver.cpp, line 826]
Event: 1.112 Thread 0x00000266d01a3920 Exception <a 'java/lang/NoSuchMethodError'{0x000000070e6b1c60}: 'java.lang.Object java.lang.invoke.DirectMethodHandle$Holder.invokeVirtual(java.lang.Object, java.lang.Object, java.lang.Object, java.lang.Object)'> (0x000000070e6b1c60) 
thrown [s\src\hotspot\share\interpreter\linkResolver.cpp, line 759]

VM Operations (20 events):
Event: 0.797 Executing VM operation: G1CollectForAllocation done
Event: 0.868 Executing VM operation: HandshakeAllThreads
Event: 0.868 Executing VM operation: HandshakeAllThreads done
Event: 0.877 Executing VM operation: HandshakeAllThreads
Event: 0.877 Executing VM operation: HandshakeAllThreads done
Event: 0.934 Executing VM operation: HandshakeAllThreads
Event: 0.934 Executing VM operation: HandshakeAllThreads done
Event: 0.984 Executing VM operation: ICBufferFull
Event: 0.984 Executing VM operation: ICBufferFull done
Event: 1.007 Executing VM operation: HandshakeAllThreads
Event: 1.007 Executing VM operation: HandshakeAllThreads done
Event: 1.013 Executing VM operation: HandshakeAllThreads
Event: 1.013 Executing VM operation: HandshakeAllThreads done
Event: 1.025 Executing VM operation: HandshakeAllThreads
Event: 1.025 Executing VM operation: HandshakeAllThreads done
Event: 1.032 Executing VM operation: HandshakeAllThreads
Event: 1.032 Executing VM operation: HandshakeAllThreads done
Event: 1.187 Executing VM operation: ICBufferFull
Event: 1.187 Executing VM operation: ICBufferFull done
Event: 1.207 Executing VM operation: CollectForMetadataAllocation

Events (20 events):
Event: 1.032 loading class sun/util/resources/cldr/TimeZoneNames_en_US done
Event: 1.033 loading class sun/util/resources/TimeZoneNames
Event: 1.033 loading class java/net/SocketException
Event: 1.033 loading class java/net/SocketException done
Event: 1.034 loading class sun/util/resources/TimeZoneNames done
Event: 1.034 loading class sun/util/resources/TimeZoneNames_en
Event: 1.034 loading class sun/util/resources/TimeZoneNames_en done
Event: 1.076 Thread 0x00000266d01a4d60 Thread added: 0x00000266d01a4d60
Event: 1.082 Thread 0x00000266d01a4d60 Thread exited: 0x00000266d01a4d60
Event: 1.098 loading class java/util/regex/Pattern$Pos
Event: 1.098 loading class java/util/regex/Pattern$Pos done
Event: 1.113 Thread 0x00000266d01a3920 Thread exited: 0x00000266d01a3920
Event: 1.156 loading class java/util/EnumMap$EntrySet
Event: 1.156 loading class java/util/EnumMap$EntrySet done
Event: 1.156 loading class java/util/EnumMap$EntryIterator
Event: 1.156 loading class java/util/EnumMap$EnumMapIterator
Event: 1.156 loading class java/util/EnumMap$EnumMapIterator done
Event: 1.156 loading class java/util/EnumMap$EntryIterator done
Event: 1.156 loading class java/util/EnumMap$EntryIterator$Entry
Event: 1.156 loading class java/util/EnumMap$EntryIterator$Entry done


Dynamic libraries:
0x00007ff700310000 - 0x00007ff70031e000 	C:\Users\Administrator\.jdks\azul-17.0.7\bin\java.exe
0x00007ffb27b50000 - 0x00007ffb27d48000 	C:\Windows\SYSTEM32\ntdll.dll
0x00007ffb26c10000 - 0x00007ffb26ccf000 	C:\Windows\System32\KERNEL32.DLL
0x00007ffb25230000 - 0x00007ffb25526000 	C:\Windows\System32\KERNELBASE.dll
0x00007ffb255d0000 - 0x00007ffb256d0000 	C:\Windows\System32\ucrtbase.dll
0x00007ffb20340000 - 0x00007ffb20359000 	C:\Users\Administrator\.jdks\azul-17.0.7\bin\jli.dll
0x00007ffb20320000 - 0x00007ffb2033b000 	C:\Users\Administrator\.jdks\azul-17.0.7\bin\VCRUNTIME140.dll
0x00007ffb27910000 - 0x00007ffb27aad000 	C:\Windows\System32\USER32.dll
0x00007ffb25700000 - 0x00007ffb25722000 	C:\Windows\System32\win32u.dll
0x00007ffb13bd0000 - 0x00007ffb13e6a000 	C:\Windows\WinSxS\amd64_microsoft.windows.common-controls_6595b64144ccf1df_6.0.19041.1110_none_60b5254171f9507e\COMCTL32.dll
0x00007ffb27730000 - 0x00007ffb2775c000 	C:\Windows\System32\GDI32.dll
0x00007ffb26ae0000 - 0x00007ffb26b7e000 	C:\Windows\System32\msvcrt.dll
0x00007ffb25780000 - 0x00007ffb25895000 	C:\Windows\System32\gdi32full.dll
0x00007ffb25530000 - 0x00007ffb255cd000 	C:\Windows\System32\msvcp_win.dll
0x00007ffb26be0000 - 0x00007ffb26c10000 	C:\Windows\System32\IMM32.DLL
0x00007ffb20310000 - 0x00007ffb2031c000 	C:\Users\Administrator\.jdks\azul-17.0.7\bin\vcruntime140_1.dll
0x00007ffb1ea40000 - 0x00007ffb1eacd000 	C:\Users\Administrator\.jdks\azul-17.0.7\bin\msvcp140.dll
0x00007ffaf0c70000 - 0x00007ffaf18d5000 	C:\Users\Administrator\.jdks\azul-17.0.7\bin\server\jvm.dll
0x00007ffb25bd0000 - 0x00007ffb25c7f000 	C:\Windows\System32\ADVAPI32.dll
0x00007ffb25e80000 - 0x00007ffb25f1c000 	C:\Windows\System32\sechost.dll
0x00007ffb269b0000 - 0x00007ffb26ad6000 	C:\Windows\System32\RPCRT4.dll
0x00007ffb1e9c0000 - 0x00007ffb1e9c9000 	C:\Windows\SYSTEM32\WSOCK32.dll
0x00007ffb276c0000 - 0x00007ffb2772b000 	C:\Windows\System32\WS2_32.dll
0x00007ffb17940000 - 0x00007ffb17967000 	C:\Windows\SYSTEM32\WINMM.dll
0x00007ffb1fb00000 - 0x00007ffb1fb0a000 	C:\Windows\SYSTEM32\VERSION.dll
0x00007ffb23110000 - 0x00007ffb23122000 	C:\Windows\SYSTEM32\kernel.appcore.dll
0x00007ffb20300000 - 0x00007ffb2030a000 	C:\Users\Administrator\.jdks\azul-17.0.7\bin\jimage.dll
0x00007ffb15060000 - 0x00007ffb15244000 	C:\Windows\SYSTEM32\DBGHELP.DLL
0x00007ffb0e800000 - 0x00007ffb0e834000 	C:\Windows\SYSTEM32\dbgcore.DLL
0x00007ffb25a00000 - 0x00007ffb25a82000 	C:\Windows\System32\bcryptPrimitives.dll
0x00007ffb20ed0000 - 0x00007ffb20ede000 	C:\Users\Administrator\.jdks\azul-17.0.7\bin\instrument.dll
0x00007ffb1ea10000 - 0x00007ffb1ea35000 	C:\Users\Administrator\.jdks\azul-17.0.7\bin\java.dll
0x00007ffaf0b90000 - 0x00007ffaf0c67000 	C:\Users\Administrator\.jdks\azul-17.0.7\bin\jsvml.dll
0x00007ffb25fa0000 - 0x00007ffb266e4000 	C:\Windows\System32\SHELL32.dll
0x00007ffb23310000 - 0x00007ffb23aa3000 	C:\Windows\SYSTEM32\windows.storage.dll
0x00007ffb27280000 - 0x00007ffb275d4000 	C:\Windows\System32\combase.dll
0x00007ffb24c90000 - 0x00007ffb24cbe000 	C:\Windows\SYSTEM32\Wldp.dll
0x00007ffb25ce0000 - 0x00007ffb25d8d000 	C:\Windows\System32\SHCORE.dll
0x00007ffb27ab0000 - 0x00007ffb27b05000 	C:\Windows\System32\shlwapi.dll
0x00007ffb25170000 - 0x00007ffb2518f000 	C:\Windows\SYSTEM32\profapi.dll
0x00007ffb0da30000 - 0x00007ffb0da48000 	C:\Users\Administrator\.jdks\azul-17.0.7\bin\zip.dll
0x00007ffb1e9f0000 - 0x00007ffb1ea09000 	C:\Users\Administrator\.jdks\azul-17.0.7\bin\net.dll
0x00007ffb20070000 - 0x00007ffb2017a000 	C:\Windows\SYSTEM32\WINHTTP.dll
0x00007ffb249f0000 - 0x00007ffb24a5a000 	C:\Windows\system32\mswsock.dll
0x00007ffb1e9d0000 - 0x00007ffb1e9e6000 	C:\Users\Administrator\.jdks\azul-17.0.7\bin\nio.dll
0x00007ffb20eb0000 - 0x00007ffb20eca000 	C:\Program Files\JetBrains\IntelliJ IDEA 2023.1\bin\breakgen64.dll

dbghelp: loaded successfully - version: 4.0.5 - missing functions: none
symbol engine: initialized successfully - sym options: 0x614 - pdb path: .;C:\Users\Administrator\.jdks\azul-17.0.7\bin;C:\Windows\SYSTEM32;C:\Windows\WinSxS\amd64_microsoft.windows.common-controls_6595b64144ccf1df_6.0.19041.1110_none_60b5254171f9507e;C:\Users\Administrator\.jdks\azul-17.0.7\bin\server;C:\Program Files\JetBrains\IntelliJ IDEA 2023.1\bin

VM Arguments:
jvm_args: -ea -Didea.test.cyclic.buffer.size=1048576 -javaagent:C:\Program Files\JetBrains\IntelliJ IDEA 2023.1\lib\idea_rt.jar=54262:C:\Program Files\JetBrains\IntelliJ IDEA 2023.1\bin -Dfile.encoding=UTF-8 
java_command: com.intellij.rt.junit.JUnitStarter -ideVersion5 -junit5 com.example.todoapp.TodoControllerTest,delYnTodo
java_class_path (initial): C:\Users\Administrator\.m2\repository\org\junit\platform\junit-platform-launcher\1.9.3\junit-platform-launcher-1.9.3.jar;C:\Program Files\JetBrains\IntelliJ IDEA 2023.1\lib\idea_rt.jar;C:\Program Files\JetBrains\IntelliJ IDEA 2023.1\plugins\junit\lib\junit5-rt.jar;C:\Program Files\JetBrains\IntelliJ IDEA 2023.1\plugins\junit\lib\junit-rt.jar;D:\Spring\com\example\todoApp\target\test-classes;D:\Spring\com\example\todoApp\target\classes;C:\Users\Administrator\.m2\repository\org\springframework\boot\spring-boot-starter-web\3.1.0\spring-boot-starter-web-3.1.0.jar;C:\Users\Administrator\.m2\repository\org\springframework\boot\spring-boot-starter\3.1.0\spring-boot-starter-3.1.0.jar;C:\Users\Administrator\.m2\repository\org\springframework\boot\spring-boot-starter-logging\3.1.0\spring-boot-starter-logging-3.1.0.jar;C:\Users\Administrator\.m2\repository\ch\qos\logback\logback-classic\1.4.7\logback-classic-1.4.7.jar;C:\Users\Administrator\.m2\repository\ch\qos\logback\logback-core\1.4.7\logback-core-1.4.7.jar;C:\Users\Administrator\.m2\repository\org\apache\logging\log4j\log4j-to-slf4j\2.20.0\log4j-to-slf4j-2.20.0.jar;C:\Users\Administrator\.m2\repository\org\apache\logging\log4j\log4j-api\2.20.0\log4j-api-2.20.0.jar;C:\Users\Administrator\.m2\repository\org\slf4j\jul-to-slf4j\2.0.7\jul-to-slf4j-2.0.7.jar;C:\Users\Administrator\.m2\repository\jakarta\annotation\jakarta.annotation-api\2.1.1\jakarta.annotation-api-2.1.1.jar;C:\Users\Administrator\.m2\repository\org\yaml\snakeyaml\1.33\snakeyaml-1.33.jar;C:\Users\Administrator\.m2\repository\org\springframework\boot\spring-boot-starter-json\3.1.0\spring-boot-starter-json-3.1.0.jar;C:\Users\Administrator\.m2\repository\com\fasterxml\jackson\core\jackson-databind\2.15.0\jackson-databind-2.15.0.jar;C:\Users\Administrator\.m2\repository\com\fasterxml\jackson\core\jackson-annotations\2.15.0\jackson-annotations-2.15.0.jar;C:\Users\Administrator\.m2\repository\com\fasterxml\jackson\core\jackson-core\2.15.0
Launcher Type: SUN_STANDARD

[Global flags]
     intx CICompilerCount                          = 4                                         {product} {ergonomic}
     uint ConcGCThreads                            = 3                                         {product} {ergonomic}
     uint G1ConcRefinementThreads                  = 10                                        {product} {ergonomic}
   size_t G1HeapRegionSize                         = 2097152                                   {product} {ergonomic}
    uintx GCDrainStackTargetSize                   = 64                                        {product} {ergonomic}
   size_t InitialHeapSize                          = 268435456                                 {product} {ergonomic}
   size_t MarkStackSize                            = 4194304                                   {product} {ergonomic}
   size_t MaxHeapSize                              = 4273995776                                {product} {ergonomic}
   size_t MaxNewSize                               = 2562719744                                {product} {ergonomic}
   size_t MinHeapDeltaBytes                        = 2097152                                   {product} {ergonomic}
   size_t MinHeapSize                              = 8388608                                   {product} {ergonomic}
    uintx NonNMethodCodeHeapSize                   = 5839372                                {pd product} {ergonomic}
    uintx NonProfiledCodeHeapSize                  = 122909434                              {pd product} {ergonomic}
    uintx ProfiledCodeHeapSize                     = 122909434                              {pd product} {ergonomic}
    uintx ReservedCodeCacheSize                    = 251658240                              {pd product} {ergonomic}
     bool SegmentedCodeCache                       = true                                      {product} {ergonomic}
   size_t SoftMaxHeapSize                          = 4273995776                             {manageable} {ergonomic}
     bool UseCompressedClassPointers               = true                           {product lp64_product} {ergonomic}
     bool UseCompressedOops                        = true                           {product lp64_product} {ergonomic}
     bool UseG1GC                                  = true                                      {product} {ergonomic}
     bool UseLargePagesIndividualAllocation        = false                                  {pd product} {ergonomic}

Logging:
Log output configuration:
 #0: stdout all=warning uptime,level,tags
 #1: stderr all=off uptime,level,tags

Environment Variables:
JAVA_HOME=C:\Users\Administrator\.jdks\azul-17.0.7
CLASSPATH=C:\Users\Administrator\.jdks\azul-17.0.7\lib
PATH=C:\Program Files (x86)\Common Files\Intel\Shared Libraries\redist\intel64_win\compiler;C:\Program Files (x86)\Common Files\Intel\Shared Libraries\redist\intel64\compiler;C:\Windows\system32;C:\Windows;C:\Windows\System32\Wbem;C:\Windows\System32\WindowsPowerShell\v1.0\;C:\Windows\System32\OpenSSH\;C:\Program Files\Bandizip\;C:\Program Files\Git\cmd;?C:\Users\Administrator\.jdks\azul-17.0.7\bin;C:\Users\Administrator\AppData\Local\Microsoft\WindowsApps;C:\Users\Administrator\AppData\Local\Programs\Microsoft VS Code\bin;C:\Program Files\JetBrains\IntelliJ IDEA 2023.1\bin;;C:\Users\Administrator\.jdks\azul-17.0.7\bin;
USERNAME=Administrator
OS=Windows_NT
PROCESSOR_IDENTIFIER=Intel64 Family 6 Model 158 Stepping 10, GenuineIntel
TMP=C:\Users\ADMINI~1\AppData\Local\Temp
TEMP=C:\Users\ADMINI~1\AppData\Local\Temp



---------------  S Y S T E M  ---------------

OS:
 Windows 10 , 64 bit Build 19041 (10.0.19041.2913)
OS uptime: 0 days 7:15 hours

CPU: total 12 (initial active 12) (6 cores per cpu, 2 threads per core) family 6 model 158 stepping 10 microcode 0xb4, cx8, cmov, fxsr, ht, mmx, 3dnowpref, sse, sse2, sse3, ssse3, sse4.1, sse4.2, popcnt, lzcnt, tsc, tscinvbit, avx, avx2, aes, erms, clmul, bmi1, bmi2, rtm, adx, fma, vzeroupper, clflush, clflushopt

Memory: 4k page, system-wide physical 16301M (6529M free)
TotalPageFile size 18733M (AvailPageFile size 4494M)
current process WorkingSet (physical memory assigned to process): 160M, peak: 160M
current process commit charge ("private bytes"): 409M, peak: 411M

vm_info: OpenJDK 64-Bit Server VM (17.0.7+7-LTS) for windows-amd64 JRE (17.0.7+7-LTS) (Zulu17.42+19-CA), built on Apr 10 2023 13:02:30 by "zulu_re" with MS VC++ 16.10 / 16.11 (VS2019)

END.
